0 info it worked if it ends with ok
1 verbose cli [ 'node', '/usr/local/bin/npm', 'publish' ]
2 info using npm@1.4.3
3 info using node@v0.10.26
4 verbose publish [ '.' ]
5 verbose cache add [ '.', null ]
6 verbose cache add name=undefined spec="." args=[".",null]
7 verbose parsed url { protocol: null,
7 verbose parsed url   slashes: null,
7 verbose parsed url   auth: null,
7 verbose parsed url   host: null,
7 verbose parsed url   port: null,
7 verbose parsed url   hostname: null,
7 verbose parsed url   hash: null,
7 verbose parsed url   search: null,
7 verbose parsed url   query: null,
7 verbose parsed url   pathname: '.',
7 verbose parsed url   path: '.',
7 verbose parsed url   href: '.' }
8 silly lockFile 3a52ce78- .
9 verbose lock . /Users/arnauddrizard/.npm/3a52ce78-.lock
10 verbose tar pack [ '/var/folders/1m/rz7r3lv153j1py6ktq4jh9h80000gn/T/npm-50003-u2L1wlqa/1420556260431-0.42606194876134396/tmp.tgz',
10 verbose tar pack   '.' ]
11 verbose tarball /var/folders/1m/rz7r3lv153j1py6ktq4jh9h80000gn/T/npm-50003-u2L1wlqa/1420556260431-0.42606194876134396/tmp.tgz
12 verbose folder .
13 info prepublish ng-json-prettifier@0.0.3
14 silly lockFile 1f1177db-tar tar://.
15 verbose lock tar://. /Users/arnauddrizard/.npm/1f1177db-tar.lock
16 silly lockFile 7674c784-0431-0-42606194876134396-tmp-tgz tar:///var/folders/1m/rz7r3lv153j1py6ktq4jh9h80000gn/T/npm-50003-u2L1wlqa/1420556260431-0.42606194876134396/tmp.tgz
17 verbose lock tar:///var/folders/1m/rz7r3lv153j1py6ktq4jh9h80000gn/T/npm-50003-u2L1wlqa/1420556260431-0.42606194876134396/tmp.tgz /Users/arnauddrizard/.npm/7674c784-0431-0-42606194876134396-tmp-tgz.lock
18 silly lockFile 1f1177db-tar tar://.
19 silly lockFile 1f1177db-tar tar://.
20 silly lockFile 7674c784-0431-0-42606194876134396-tmp-tgz tar:///var/folders/1m/rz7r3lv153j1py6ktq4jh9h80000gn/T/npm-50003-u2L1wlqa/1420556260431-0.42606194876134396/tmp.tgz
21 silly lockFile 7674c784-0431-0-42606194876134396-tmp-tgz tar:///var/folders/1m/rz7r3lv153j1py6ktq4jh9h80000gn/T/npm-50003-u2L1wlqa/1420556260431-0.42606194876134396/tmp.tgz
22 verbose tar unpack /var/folders/1m/rz7r3lv153j1py6ktq4jh9h80000gn/T/npm-50003-u2L1wlqa/1420556260431-0.42606194876134396/tmp.tgz
23 silly lockFile 18dbe7ec-0431-0-42606194876134396-package tar:///var/folders/1m/rz7r3lv153j1py6ktq4jh9h80000gn/T/npm-50003-u2L1wlqa/1420556260431-0.42606194876134396/package
24 verbose lock tar:///var/folders/1m/rz7r3lv153j1py6ktq4jh9h80000gn/T/npm-50003-u2L1wlqa/1420556260431-0.42606194876134396/package /Users/arnauddrizard/.npm/18dbe7ec-0431-0-42606194876134396-package.lock
25 silly lockFile 7674c784-0431-0-42606194876134396-tmp-tgz tar:///var/folders/1m/rz7r3lv153j1py6ktq4jh9h80000gn/T/npm-50003-u2L1wlqa/1420556260431-0.42606194876134396/tmp.tgz
26 verbose lock tar:///var/folders/1m/rz7r3lv153j1py6ktq4jh9h80000gn/T/npm-50003-u2L1wlqa/1420556260431-0.42606194876134396/tmp.tgz /Users/arnauddrizard/.npm/7674c784-0431-0-42606194876134396-tmp-tgz.lock
27 silly gunzTarPerm modes [ '755', '644' ]
28 silly gunzTarPerm extractEntry package.json
29 silly gunzTarPerm extractEntry .npmignore
30 silly gunzTarPerm extractEntry README.md
31 silly gunzTarPerm extractEntry bower.json
32 silly gunzTarPerm extractEntry dist/ng-json-prettifier.js
33 silly gunzTarPerm extractEntry dist/ng-json-prettifier.min.js
34 silly gunzTarPerm extractEntry example/index.html
35 silly gunzTarPerm extractEntry src/directive.js
36 silly lockFile 18dbe7ec-0431-0-42606194876134396-package tar:///var/folders/1m/rz7r3lv153j1py6ktq4jh9h80000gn/T/npm-50003-u2L1wlqa/1420556260431-0.42606194876134396/package
37 silly lockFile 18dbe7ec-0431-0-42606194876134396-package tar:///var/folders/1m/rz7r3lv153j1py6ktq4jh9h80000gn/T/npm-50003-u2L1wlqa/1420556260431-0.42606194876134396/package
38 silly lockFile 7674c784-0431-0-42606194876134396-tmp-tgz tar:///var/folders/1m/rz7r3lv153j1py6ktq4jh9h80000gn/T/npm-50003-u2L1wlqa/1420556260431-0.42606194876134396/tmp.tgz
39 silly lockFile 7674c784-0431-0-42606194876134396-tmp-tgz tar:///var/folders/1m/rz7r3lv153j1py6ktq4jh9h80000gn/T/npm-50003-u2L1wlqa/1420556260431-0.42606194876134396/tmp.tgz
40 verbose tar pack [ '/Users/arnauddrizard/.npm/ng-json-prettifier/0.0.3/package.tgz',
40 verbose tar pack   '/var/folders/1m/rz7r3lv153j1py6ktq4jh9h80000gn/T/npm-50003-u2L1wlqa/1420556260431-0.42606194876134396/package' ]
41 verbose tarball /Users/arnauddrizard/.npm/ng-json-prettifier/0.0.3/package.tgz
42 verbose folder /var/folders/1m/rz7r3lv153j1py6ktq4jh9h80000gn/T/npm-50003-u2L1wlqa/1420556260431-0.42606194876134396/package
43 silly lockFile 18dbe7ec-0431-0-42606194876134396-package tar:///var/folders/1m/rz7r3lv153j1py6ktq4jh9h80000gn/T/npm-50003-u2L1wlqa/1420556260431-0.42606194876134396/package
44 verbose lock tar:///var/folders/1m/rz7r3lv153j1py6ktq4jh9h80000gn/T/npm-50003-u2L1wlqa/1420556260431-0.42606194876134396/package /Users/arnauddrizard/.npm/18dbe7ec-0431-0-42606194876134396-package.lock
45 silly lockFile 95029a42-son-prettifier-0-0-3-package-tgz tar:///Users/arnauddrizard/.npm/ng-json-prettifier/0.0.3/package.tgz
46 verbose lock tar:///Users/arnauddrizard/.npm/ng-json-prettifier/0.0.3/package.tgz /Users/arnauddrizard/.npm/95029a42-son-prettifier-0-0-3-package-tgz.lock
47 silly lockFile 18dbe7ec-0431-0-42606194876134396-package tar:///var/folders/1m/rz7r3lv153j1py6ktq4jh9h80000gn/T/npm-50003-u2L1wlqa/1420556260431-0.42606194876134396/package
48 silly lockFile 18dbe7ec-0431-0-42606194876134396-package tar:///var/folders/1m/rz7r3lv153j1py6ktq4jh9h80000gn/T/npm-50003-u2L1wlqa/1420556260431-0.42606194876134396/package
49 silly lockFile 95029a42-son-prettifier-0-0-3-package-tgz tar:///Users/arnauddrizard/.npm/ng-json-prettifier/0.0.3/package.tgz
50 silly lockFile 95029a42-son-prettifier-0-0-3-package-tgz tar:///Users/arnauddrizard/.npm/ng-json-prettifier/0.0.3/package.tgz
51 silly lockFile a2a1c18a-ng-json-prettifier-0-0-3-package /Users/arnauddrizard/.npm/ng-json-prettifier/0.0.3/package
52 verbose lock /Users/arnauddrizard/.npm/ng-json-prettifier/0.0.3/package /Users/arnauddrizard/.npm/a2a1c18a-ng-json-prettifier-0-0-3-package.lock
53 silly lockFile a2a1c18a-ng-json-prettifier-0-0-3-package /Users/arnauddrizard/.npm/ng-json-prettifier/0.0.3/package
54 silly lockFile a2a1c18a-ng-json-prettifier-0-0-3-package /Users/arnauddrizard/.npm/ng-json-prettifier/0.0.3/package
55 verbose tar unpack /Users/arnauddrizard/.npm/ng-json-prettifier/0.0.3/package.tgz
56 silly lockFile ba26db2f-ng-json-prettifier-0-0-3-package tar:///Users/arnauddrizard/.npm/ng-json-prettifier/0.0.3/package
57 verbose lock tar:///Users/arnauddrizard/.npm/ng-json-prettifier/0.0.3/package /Users/arnauddrizard/.npm/ba26db2f-ng-json-prettifier-0-0-3-package.lock
58 silly lockFile 95029a42-son-prettifier-0-0-3-package-tgz tar:///Users/arnauddrizard/.npm/ng-json-prettifier/0.0.3/package.tgz
59 verbose lock tar:///Users/arnauddrizard/.npm/ng-json-prettifier/0.0.3/package.tgz /Users/arnauddrizard/.npm/95029a42-son-prettifier-0-0-3-package-tgz.lock
60 silly gunzTarPerm modes [ '755', '644' ]
61 silly gunzTarPerm extractEntry package.json
62 silly gunzTarPerm extractEntry .npmignore
63 silly gunzTarPerm extractEntry README.md
64 silly gunzTarPerm extractEntry bower.json
65 silly gunzTarPerm extractEntry dist/ng-json-prettifier.js
66 silly gunzTarPerm extractEntry dist/ng-json-prettifier.min.js
67 silly gunzTarPerm extractEntry example/index.html
68 silly gunzTarPerm extractEntry src/directive.js
69 silly lockFile ba26db2f-ng-json-prettifier-0-0-3-package tar:///Users/arnauddrizard/.npm/ng-json-prettifier/0.0.3/package
70 silly lockFile ba26db2f-ng-json-prettifier-0-0-3-package tar:///Users/arnauddrizard/.npm/ng-json-prettifier/0.0.3/package
71 silly lockFile 95029a42-son-prettifier-0-0-3-package-tgz tar:///Users/arnauddrizard/.npm/ng-json-prettifier/0.0.3/package.tgz
72 silly lockFile 95029a42-son-prettifier-0-0-3-package-tgz tar:///Users/arnauddrizard/.npm/ng-json-prettifier/0.0.3/package.tgz
73 verbose chmod /Users/arnauddrizard/.npm/ng-json-prettifier/0.0.3/package.tgz 644
74 verbose chown /Users/arnauddrizard/.npm/ng-json-prettifier/0.0.3/package.tgz [ 501, 20 ]
75 silly lockFile 3a52ce78- .
76 silly lockFile 3a52ce78- .
77 silly publish { name: 'ng-json-prettifier',
77 silly publish   version: '0.0.3',
77 silly publish   description: 'An Angular directive to prettify your Json items',
77 silly publish   main: 'dist/ng-json-prettifier.min.js',
77 silly publish   repository:
77 silly publish    { type: 'git',
77 silly publish      url: 'https://github.com/arnauddri/ng-json-prettifier' },
77 silly publish   scripts:
77 silly publish    { test: 'echo "Error: no test specified" && exit 1',
77 silly publish      minify: 'uglifyjs --lint false -mc -o dist/ng-json-prettifier.min.js dist/ng-json-prettifier.js',
77 silly publish      copy: 'cp src/directive.js dist/ng-json-prettifier.js',
77 silly publish      build: 'npm run copy && npm run minify' },
77 silly publish   keywords:
77 silly publish    [ 'json',
77 silly publish      'prettify',
77 silly publish      'pretty',
77 silly publish      'ng-prettify',
77 silly publish      'beautifier',
77 silly publish      'uglifyjs',
77 silly publish      'stringify',
77 silly publish      'angular',
77 silly publish      'angularjs' ],
77 silly publish   author: { name: 'arnauddri' },
77 silly publish   license: 'MIT',
77 silly publish   bugs: { url: 'https://github.com/arnauddri/ng-pretty-json/issues' },
77 silly publish   homepage: 'https://github.com/arnauddri/ng-pretty-json',
77 silly publish   directories: { example: 'example' },
77 silly publish   dependencies: {},
77 silly publish   readme: '# ng-json-prettifier\n\nng-json-prettifier is a directive to customize your json in your web page. It provides much more flexibility than angular\'s built-in JSON filter as you can add classes to your JSON\'s keys and values and control the indentation and padding.\n\n### Install\n\nVia npm\n```\nnpm install --save ng-json-prettifier\n```\n\nVia bower\n```\nbower install --save ng-json-prettifier\n```\n\n### Usage\n\nDeclare the directive as an element an pass it your arguments:\n\n```html\n  <pretty-json json=\'json\' replace-key=\'replaceKey\' replace-value=\'replaceValue\' indent-key=\'4\' indent-value=\'indentValue\'></pretty-json>\n```\n\n#### Attributes\n\n##### 1. Json\n\nYour JSON item\n\n\n##### 2. replaceKey (optional)\n\nThis function vill be called for each key and it must return the HTML which will be used for the key. Both the key and the correspounding value are passed as argument but only the key\'s HTML must be returned.\n\nEx:\n\n```javascript\n  var replaceKey = function(key, value) {\n    if (value === \'foo\') {\n      return \'<scan class=\\\'foo_key\\\'>\' + key + \'</scan>\'\n    } else {\n      return \'<scan class=\\\'bar_key\\\'>\' + key + \'</scan>\'\n    }\n  }\n```\n\n\n##### 3. replaceValue (optional)\n\nSame as replaceKey but for the JSON values:\n\nEx:\n\n```javascript\n  var replaceValue = function(key, value) {\n    if (key === \'fiz\') {\n      return \'<scan class=\\\'fiz_value\\\'>\' + value + \'</scan>\'\n    } else {\n      return \'<scan class=\\\'buz_value\\\'>\' + value + \'</scan>\'\n    }\n  }\n```\n\n##### 4. IndentKey\n\nSpecify the keys indentation\n\n##### 5. IndentValue\n\nSpecify the values indentation, i.e. the space between the keys and values\n\n### Demo\n\nThe repo contains an example, structured as follows:\n\nHTML:\n```html\n  <div ng-app=\'myApp\'>\n    <div ng-controller=\'MyController\'>\n      <pretty-json json=\'json\' replace-key=\'replaceKey\' replace-value=\'replaceValue\' indent-key=\'4\' indent-value=\'indentValue\'></pretty-json>\n    </div>\n  </div>\n```\n\nJS:\n```javascript\n      angular.module(\'myApp\', [\'pretty.json\'])\n        .controller(\'MyController\', function($scope) {\n          $scope.json = {\n            hello: "world",\n            foo: "bar",\n            fiz: "buz"\n          };\n\n          $scope.replaceKey = function(k, v) {\n            return \'<scan class=\\\'key\\\'>\' + k + \'</scan>\'\n          }\n\n          $scope.replaceValue = function(k, v) {\n            return \'<scan class=\\\'value\\\'>\' + v + \'</scan>\'\n          }\n\n          $scope.indentValue = \' \';\n        })\n\n```\n',
77 silly publish   readmeFilename: 'README.md',
77 silly publish   _id: 'ng-json-prettifier@0.0.3',
77 silly publish   dist: { shasum: '7f49277059a27f102577557ea3ec698c59c679cf' },
77 silly publish   _from: '.' }
78 verbose url raw ng-json-prettifier
79 verbose url resolving [ 'https://registry.npmjs.org/', './ng-json-prettifier' ]
80 verbose url resolved https://registry.npmjs.org/ng-json-prettifier
81 info trying registry request attempt 1 at 15:57:40
82 http PUT https://registry.npmjs.org/ng-json-prettifier
83 http 403 https://registry.npmjs.org/ng-json-prettifier
84 error publish Failed PUT 403
85 error Error: forbidden cannot modify pre-existing version: 0.0.3
85 error old={"name":"ng-json-prettifier","version":"0.0.3","description":"An Angular directive to prettify your Json items","main":"dist/ng-json-prettifier.min.js","repository":{"type":"git","url":"https://github.com/arnauddri/ng-json-prettifier"},"scripts":{"test":"echo \"Error: no test specified\" && exit 1","minify":"uglifyjs --lint false -mc -o dist/ng-json-prettifier.min.js dist/ng-json-prettifier.js","copy":"cp src/directive.js dist/ng-json-prettifier.js","build":"npm run copy && npm run minify"},"keywords":["json","prettify","pretty","ng-prettify","beautifier","uglifyjs","stringify","angular","angularjs"],"author":{"name":"arnauddri"},"license":"MIT","bugs":{"url":"https://github.com/arnauddri/ng-pretty-json/issues"},"homepage":"https://github.com/arnauddri/ng-pretty-json","directories":{"example":"example"},"dependencies":{},"_id":"ng-json-prettifier@0.0.3","dist":{"shasum":"422f6829af3eeeccbcb349b866df5a94571beb40","tarball":"http://registry.npmjs.org/ng-json-prettifier/-/ng-json-prettifier-0.0.3.tgz"},"_from":".","_npmVersion":"1.4.3","_npmUser":{"name":"arnauddri","email":"arnaud.drizard@gmail.com"},"maintainers":[{"name":"arnauddri","email":"arnaud.drizard@gmail.com"}]}
85 error new={"name":"ng-json-prettifier","version":"0.0.3","description":"An Angular directive to prettify your Json items","main":"dist/ng-json-prettifier.min.js","repository":{"type":"git","url":"https://github.com/arnauddri/ng-json-prettifier"},"scripts":{"test":"echo \"Error: no test specified\" && exit 1","minify":"uglifyjs --lint false -mc -o dist/ng-json-prettifier.min.js dist/ng-json-prettifier.js","copy":"cp src/directive.js dist/ng-json-prettifier.js","build":"npm run copy && npm run minify"},"keywords":["json","prettify","pretty","ng-prettify","beautifier","uglifyjs","stringify","angular","angularjs"],"author":{"name":"arnauddri"},"license":"MIT","bugs":{"url":"https://github.com/arnauddri/ng-pretty-json/issues"},"homepage":"https://github.com/arnauddri/ng-pretty-json","directories":{"example":"example"},"dependencies":{},"readme":"# ng-json-prettifier\u000a\u000ang-json-prettifier is a directive to customize your json in your web page. It provides much more flexibility than angular's built-in JSON filter as you can add classes to your JSON's keys and values and control the indentation and padding.\u000a\u000a### Install\u000a\u000aVia npm\u000a```\u000anpm install --save ng-json-prettifier\u000a```\u000a\u000aVia bower\u000a```\u000abower install --save ng-json-prettifier\u000a```\u000a\u000a### Usage\u000a\u000aDeclare the directive as an element an pass it your arguments:\u000a\u000a```html\u000a  <pretty-json json='json' replace-key='replaceKey' replace-value='replaceValue' indent-key='4' indent-value='indentValue'></pretty-json>\u000a```\u000a\u000a#### Attributes\u000a\u000a##### 1. Json\u000a\u000aYour JSON item\u000a\u000a\u000a##### 2. replaceKey (optional)\u000a\u000aThis function vill be called for each key and it must return the HTML which will be used for the key. Both the key and the correspounding value are passed as argument but only the key's HTML must be returned.\u000a\u000aEx:\u000a\u000a```javascript\u000a  var replaceKey = function(key, value) {\u000a    if (value === 'foo') {\u000a      return '<scan class=\\'foo_key\\'>' + key + '</scan>'\u000a    } else {\u000a      return '<scan class=\\'bar_key\\'>' + key + '</scan>'\u000a    }\u000a  }\u000a```\u000a\u000a\u000a##### 3. replaceValue (optional)\u000a\u000aSame as replaceKey but for the JSON values:\u000a\u000aEx:\u000a\u000a```javascript\u000a  var replaceValue = function(key, value) {\u000a    if (key === 'fiz') {\u000a      return '<scan class=\\'fiz_value\\'>' + value + '</scan>'\u000a    } else {\u000a      return '<scan class=\\'buz_value\\'>' + value + '</scan>'\u000a    }\u000a  }\u000a```\u000a\u000a##### 4. IndentKey\u000a\u000aSpecify the keys indentation\u000a\u000a##### 5. IndentValue\u000a\u000aSpecify the values indentation, i.e. the space between the keys and values\u000a\u000a### Demo\u000a\u000aThe repo contains an example, structured as follows:\u000a\u000aHTML:\u000a```html\u000a  <div ng-app='myApp'>\u000a    <div ng-controller='MyController'>\u000a      <pretty-json json='json' replace-key='replaceKey' replace-value='replaceValue' indent-key='4' indent-value='indentValue'></pretty-json>\u000a    </div>\u000a  </div>\u000a```\u000a\u000aJS:\u000a```javascript\u000a      angular.module('myApp', ['pretty.json'])\u000a        .controller('MyController', function($scope) {\u000a          $scope.json = {\u000a            hello: \"world\",\u000a            foo: \"bar\",\u000a            fiz: \"buz\"\u000a          };\u000a\u000a          $scope.replaceKey = function(k, v) {\u000a            return '<scan class=\\'key\\'>' + k + '</scan>'\u000a          }\u000a\u000a          $scope.replaceValue = function(k, v) {\u000a            return '<scan class=\\'value\\'>' + v + '</scan>'\u000a          }\u000a\u000a          $scope.indentValue = ' ';\u000a        })\u000a\u000a```\u000a","readmeFilename":"README.md","_id":"ng-json-prettifier@0.0.3","dist":{"shasum":"7f49277059a27f102577557ea3ec698c59c679cf","tarball":"http://registry.npmjs.org/ng-json-prettifier/-/ng-json-prettifier-0.0.3.tgz"},"_from":".","_npmVersion":"1.4.3","_npmUser":{"name":"arnauddri","email":"arnaud.drizard@gmail.com"},"maintainers":[{"name":"arnauddri","email":"arnaud.drizard@gmail.com"}]}: ng-json-prettifier
85 error     at RegClient.<anonymous> (/usr/local/lib/node_modules/npm/node_modules/npm-registry-client/lib/request.js:237:14)
85 error     at Request.self.callback (/usr/local/lib/node_modules/npm/node_modules/request/request.js:123:22)
85 error     at Request.EventEmitter.emit (events.js:98:17)
85 error     at Request.<anonymous> (/usr/local/lib/node_modules/npm/node_modules/request/request.js:893:14)
85 error     at Request.EventEmitter.emit (events.js:117:20)
85 error     at IncomingMessage.<anonymous> (/usr/local/lib/node_modules/npm/node_modules/request/request.js:844:12)
85 error     at IncomingMessage.EventEmitter.emit (events.js:117:20)
85 error     at _stream_readable.js:920:16
85 error     at process._tickCallback (node.js:415:13)
86 error If you need help, you may report this *entire* log,
86 error including the npm and node versions, at:
86 error     <http://github.com/npm/npm/issues>
87 error System Darwin 14.0.0
88 error command "node" "/usr/local/bin/npm" "publish"
89 error cwd /Users/arnauddrizard/Dropbox/Dev/ng-json-prettifier
90 error node -v v0.10.26
91 error npm -v 1.4.3
92 verbose exit [ 1, true ]
